TN:
SF:src/browser/addClass.js
FN:18,addClass
FNF:1
FNH:1
FNDA:20,addClass
DA:1,3
DA:2,3
DA:3,3
DA:4,3
DA:5,3
DA:6,3
DA:7,3
DA:8,3
DA:9,3
DA:10,3
DA:11,3
DA:12,3
DA:13,3
DA:14,3
DA:15,3
DA:16,3
DA:17,3
DA:18,3
DA:19,20
DA:20,17
DA:21,17
DA:22,17
DA:23,17
DA:24,20
LF:24
LH:24
BRDA:1,0,0,3
BRDA:18,1,0,20
BRDA:19,2,0,18
BRDA:19,3,0,17
BRDA:21,4,0,32
BRDA:21,5,0,28
BRF:6
BRH:6
end_of_record
TN:
SF:src/browser/copyToClipboardAsync.js
FN:34,copyToClipboardAsync
FNF:1
FNH:1
FNDA:16,copyToClipboardAsync
DA:1,3
DA:2,3
DA:3,3
DA:4,3
DA:5,3
DA:6,3
DA:7,3
DA:8,3
DA:9,3
DA:10,3
DA:11,3
DA:12,3
DA:13,3
DA:14,3
DA:15,3
DA:16,3
DA:17,3
DA:18,3
DA:19,3
DA:20,3
DA:21,3
DA:22,3
DA:23,3
DA:24,3
DA:25,3
DA:26,3
DA:27,3
DA:28,3
DA:29,3
DA:30,3
DA:31,3
DA:32,3
DA:33,3
DA:34,3
DA:35,16
DA:36,3
DA:37,3
DA:38,3
DA:39,3
DA:40,3
DA:41,3
DA:42,13
DA:43,13
DA:44,13
DA:45,13
DA:46,16
DA:47,2
DA:48,2
DA:49,2
DA:50,16
LF:50
LH:50
BRDA:1,0,0,3
BRDA:34,1,0,16
BRDA:35,2,0,15
BRDA:35,3,0,3
BRDA:42,4,0,13
BRDA:46,5,0,11
BRDA:46,6,0,2
BRF:7
BRH:7
end_of_record
TN:
SF:src/browser/createElement.js
FN:57,createElement
FN:80,appendChild
FN:96,appendChildren
FNF:3
FNH:3
FNDA:14,createElement
FNDA:6,appendChild
FNDA:11,appendChildren
DA:1,3
DA:2,3
DA:3,3
DA:4,3
DA:5,3
DA:6,3
DA:7,3
DA:8,3
DA:9,3
DA:10,3
DA:11,3
DA:12,3
DA:13,3
DA:14,3
DA:15,3
DA:16,3
DA:17,3
DA:18,3
DA:19,3
DA:20,3
DA:21,3
DA:22,3
DA:23,3
DA:24,3
DA:25,3
DA:26,3
DA:27,3
DA:28,3
DA:29,3
DA:30,3
DA:31,3
DA:32,3
DA:33,3
DA:34,3
DA:35,3
DA:36,3
DA:37,3
DA:38,3
DA:39,3
DA:40,3
DA:41,3
DA:42,3
DA:43,3
DA:44,3
DA:45,3
DA:46,3
DA:47,3
DA:48,3
DA:49,3
DA:50,3
DA:51,3
DA:52,3
DA:53,3
DA:54,3
DA:55,3
DA:56,3
DA:57,3
DA:58,14
DA:59,14
DA:60,14
DA:61,14
DA:62,14
DA:63,14
DA:64,14
DA:65,14
DA:66,14
DA:67,14
DA:68,14
DA:69,14
DA:70,14
DA:71,14
DA:72,14
DA:73,14
DA:74,14
DA:75,14
DA:76,14
DA:77,14
DA:78,14
DA:79,14
DA:80,14
DA:81,6
DA:82,4
DA:83,6
DA:84,2
DA:85,2
DA:86,2
DA:87,2
DA:88,6
DA:89,14
DA:90,14
DA:91,14
DA:92,14
DA:93,14
DA:94,14
DA:95,14
DA:96,14
DA:97,11
DA:98,3
DA:99,3
DA:100,11
DA:101,14
DA:102,14
DA:103,14
LF:103
LH:103
BRDA:1,0,0,3
BRDA:57,1,0,14
BRDA:71,2,0,11
BRDA:72,3,0,3
BRDA:80,4,0,6
BRDA:81,5,0,4
BRDA:83,6,0,2
BRDA:96,7,0,11
BRDA:97,8,0,3
BRF:9
BRH:9
end_of_record
TN:
SF:src/browser/debounce.js
FN:41,debounce
FNF:1
FNH:1
FNDA:7,debounce
DA:1,3
DA:2,3
DA:3,3
DA:4,3
DA:5,3
DA:6,3
DA:7,3
DA:8,3
DA:9,3
DA:10,3
DA:11,3
DA:12,3
DA:13,3
DA:14,3
DA:15,3
DA:16,3
DA:17,3
DA:18,3
DA:19,3
DA:20,3
DA:21,3
DA:22,3
DA:23,3
DA:24,3
DA:25,3
DA:26,3
DA:27,3
DA:28,3
DA:29,3
DA:30,3
DA:31,3
DA:32,3
DA:33,3
DA:34,3
DA:35,3
DA:36,3
DA:37,3
DA:38,3
DA:39,3
DA:40,3
DA:41,3
DA:42,7
DA:43,7
DA:44,7
DA:45,7
DA:46,7
DA:47,7
DA:48,10
DA:49,10
DA:50,10
DA:51,10
DA:52,10
DA:53,7
DA:54,7
DA:55,7
DA:56,7
DA:57,1
DA:58,1
DA:59,1
DA:60,1
DA:61,10
DA:62,7
DA:63,7
LF:63
LH:63
BRDA:1,0,0,3
BRDA:41,1,0,7
BRDA:47,2,0,10
BRDA:52,3,0,7
BRDA:56,4,0,1
BRF:5
BRH:5
end_of_record
TN:
SF:src/browser/fetchJSON.js
FN:23,try
FN:90,fetchJSON
FNF:2
FNH:2
FNDA:3,try
FNDA:8,fetchJSON
DA:1,4
DA:2,4
DA:3,4
DA:4,4
DA:5,4
DA:6,4
DA:7,4
DA:8,4
DA:9,4
DA:10,4
DA:11,4
DA:12,4
DA:13,4
DA:14,4
DA:15,4
DA:16,4
DA:17,1
DA:18,1
DA:19,1
DA:20,1
DA:21,1
DA:22,1
DA:23,1
DA:24,3
DA:25,3
DA:26,3
DA:27,3
DA:28,3
DA:29,3
DA:30,1
DA:31,1
DA:32,3
DA:33,1
DA:34,1
DA:35,4
DA:36,4
DA:37,4
DA:38,4
DA:39,4
DA:40,4
DA:41,4
DA:42,4
DA:43,4
DA:44,4
DA:45,4
DA:46,4
DA:47,4
DA:48,4
DA:49,4
DA:50,4
DA:51,4
DA:52,4
DA:53,4
DA:54,4
DA:55,4
DA:56,4
DA:57,4
DA:58,4
DA:59,4
DA:60,4
DA:61,4
DA:62,4
DA:63,4
DA:64,4
DA:65,4
DA:66,4
DA:67,4
DA:68,4
DA:69,4
DA:70,4
DA:71,4
DA:72,4
DA:73,4
DA:74,4
DA:75,4
DA:76,4
DA:77,4
DA:78,4
DA:79,4
DA:80,4
DA:81,4
DA:82,4
DA:83,4
DA:84,4
DA:85,4
DA:86,4
DA:87,4
DA:88,4
DA:89,4
DA:90,4
DA:91,8
DA:92,8
DA:93,8
DA:94,8
DA:95,8
DA:96,8
DA:97,8
DA:98,8
DA:99,8
DA:100,8
DA:101,8
DA:102,8
DA:103,8
DA:104,1
DA:105,8
DA:106,1
DA:107,1
DA:108,1
DA:109,1
DA:110,1
DA:111,1
DA:112,1
DA:113,8
DA:114,7
DA:115,7
DA:116,7
DA:117,7
DA:118,7
DA:119,8
DA:120,8
DA:121,7
DA:122,8
DA:123,1
DA:124,1
DA:125,1
DA:126,1
DA:127,1
DA:128,6
DA:129,6
DA:130,6
DA:131,6
DA:132,8
DA:133,8
DA:134,5
DA:135,8
DA:136,1
DA:137,1
DA:138,5
DA:139,8
DA:140,8
DA:141,8
LF:141
LH:141
BRDA:1,0,0,4
BRDA:16,1,0,1
BRDA:23,2,0,3
BRDA:24,3,0,3
BRDA:29,4,0,1
BRDA:90,5,0,8
BRDA:92,6,0,8
BRDA:102,7,0,1
BRDA:103,8,0,1
BRDA:105,9,0,1
BRDA:113,10,0,7
BRDA:121,11,0,7
BRDA:122,12,0,1
BRDA:128,13,0,6
BRDA:132,14,0,5
BRDA:133,15,0,5
BRDA:135,16,0,1
BRDA:138,17,0,5
BRF:18
BRH:18
end_of_record
TN:
SF:src/browser/findClosest.js
FN:52,findClosest
FNF:1
FNH:1
FNDA:11,findClosest
DA:1,3
DA:2,3
DA:3,3
DA:4,3
DA:5,3
DA:6,3
DA:7,3
DA:8,3
DA:9,3
DA:10,3
DA:11,3
DA:12,3
DA:13,3
DA:14,3
DA:15,3
DA:16,3
DA:17,3
DA:18,3
DA:19,3
DA:20,3
DA:21,3
DA:22,3
DA:23,3
DA:24,3
DA:25,3
DA:26,3
DA:27,3
DA:28,3
DA:29,3
DA:30,3
DA:31,3
DA:32,3
DA:33,3
DA:34,3
DA:35,3
DA:36,3
DA:37,3
DA:38,3
DA:39,3
DA:40,3
DA:41,3
DA:42,3
DA:43,3
DA:44,3
DA:45,3
DA:46,3
DA:47,3
DA:48,3
DA:49,3
DA:50,3
DA:51,3
DA:52,3
DA:53,11
DA:54,2
DA:55,2
DA:56,9
DA:57,9
DA:58,9
DA:59,9
DA:60,11
DA:61,1
DA:62,1
DA:63,1
DA:64,1
DA:65,11
LF:65
LH:65
BRDA:1,0,0,3
BRDA:52,1,0,11
BRDA:53,2,0,2
BRDA:56,3,0,9
BRDA:60,4,0,1
BRF:5
BRH:5
end_of_record
TN:
SF:src/browser/getCookie.js
FN:21,getCookie
FNF:1
FNH:1
FNDA:17,getCookie
DA:1,3
DA:2,3
DA:3,3
DA:4,3
DA:5,3
DA:6,3
DA:7,3
DA:8,3
DA:9,3
DA:10,3
DA:11,3
DA:12,3
DA:13,3
DA:14,3
DA:15,3
DA:16,3
DA:17,3
DA:18,3
DA:19,3
DA:20,3
DA:21,3
DA:22,17
DA:23,17
DA:24,17
DA:25,13
DA:26,17
DA:27,4
DA:28,4
DA:29,13
DA:30,13
DA:31,17
DA:32,19
DA:33,19
DA:34,19
DA:35,18
DA:36,18
DA:37,18
DA:38,18
DA:39,18
DA:40,1
DA:41,1
DA:42,17
DA:43,17
DA:44,18
DA:45,11
DA:46,11
DA:47,11
DA:48,11
DA:49,11
DA:50,11
DA:51,18
DA:52,19
DA:53,2
DA:54,17
LF:54
LH:54
BRDA:1,0,0,3
BRDA:21,1,0,17
BRDA:23,2,0,16
BRDA:24,3,0,13
BRDA:26,4,0,4
BRDA:29,5,0,13
BRDA:31,6,0,19
BRDA:34,7,0,18
BRDA:39,8,0,1
BRDA:42,9,0,17
BRDA:44,10,0,11
BRDA:53,11,0,2
BRF:12
BRH:12
end_of_record
TN:
SF:src/browser/getGlobal.js
FN:44,getGlobal
FNF:1
FNH:1
FNDA:19,getGlobal
DA:1,3
DA:2,3
DA:3,3
DA:4,3
DA:5,3
DA:6,3
DA:7,3
DA:8,3
DA:9,3
DA:10,3
DA:11,3
DA:12,3
DA:13,3
DA:14,3
DA:15,3
DA:16,3
DA:17,3
DA:18,3
DA:19,3
DA:20,3
DA:21,3
DA:22,3
DA:23,3
DA:24,3
DA:25,3
DA:26,3
DA:27,3
DA:28,3
DA:29,3
DA:30,3
DA:31,3
DA:32,3
DA:33,3
DA:34,3
DA:35,3
DA:36,3
DA:37,3
DA:38,3
DA:39,3
DA:40,3
DA:41,3
DA:42,3
DA:43,3
DA:44,3
DA:45,19
DA:46,19
DA:47,19
DA:48,19
LF:48
LH:48
BRDA:1,0,0,3
BRDA:44,1,0,19
BRDA:47,2,0,12
BRDA:47,3,0,7
BRDA:47,4,0,8
BRF:5
BRH:5
end_of_record
TN:
SF:src/browser/getLocalStorageJSON.js
FN:43,getLocalStorageJSON
FNF:1
FNH:1
FNDA:14,getLocalStorageJSON
DA:1,3
DA:2,3
DA:3,3
DA:4,3
DA:5,3
DA:6,3
DA:7,3
DA:8,3
DA:9,3
DA:10,3
DA:11,3
DA:12,3
DA:13,3
DA:14,3
DA:15,3
DA:16,3
DA:17,3
DA:18,3
DA:19,3
DA:20,3
DA:21,3
DA:22,3
DA:23,3
DA:24,3
DA:25,3
DA:26,3
DA:27,3
DA:28,3
DA:29,3
DA:30,3
DA:31,3
DA:32,3
DA:33,3
DA:34,3
DA:35,3
DA:36,3
DA:37,3
DA:38,3
DA:39,3
DA:40,3
DA:41,3
DA:42,3
DA:43,3
DA:44,14
DA:45,14
DA:46,1
DA:47,1
DA:48,13
DA:49,13
DA:50,13
DA:51,13
DA:52,13
DA:53,14
DA:54,2
DA:55,2
DA:56,10
DA:57,10
DA:58,10
DA:59,10
DA:60,14
LF:60
LH:60
BRDA:1,0,0,3
BRDA:43,1,0,14
BRDA:45,2,0,13
BRDA:45,3,0,1
BRDA:48,4,0,13
BRDA:53,5,0,2
BRDA:56,6,0,10
BRF:7
BRH:7
end_of_record
TN:
SF:src/browser/getOSInfo.js
FN:35,getOSInfo
FNF:1
FNH:1
FNDA:17,getOSInfo
DA:1,3
DA:2,3
DA:3,3
DA:4,3
DA:5,3
DA:6,3
DA:7,3
DA:8,3
DA:9,3
DA:10,3
DA:11,3
DA:12,3
DA:13,3
DA:14,3
DA:15,3
DA:16,3
DA:17,3
DA:18,3
DA:19,3
DA:20,3
DA:21,3
DA:22,3
DA:23,3
DA:24,3
DA:25,3
DA:26,3
DA:27,3
DA:28,3
DA:29,3
DA:30,3
DA:31,3
DA:32,3
DA:33,3
DA:34,3
DA:35,3
DA:36,17
DA:37,17
DA:38,17
DA:39,17
DA:40,10
DA:41,17
DA:42,10
DA:43,10
DA:44,10
DA:45,10
DA:46,10
DA:47,10
DA:48,10
DA:49,10
DA:50,10
DA:51,10
DA:52,7
DA:53,17
DA:54,6
DA:55,6
DA:56,6
DA:57,6
DA:58,6
DA:59,6
DA:60,4
DA:61,4
DA:62,4
DA:63,2
DA:64,2
DA:65,4
DA:66,2
DA:67,2
DA:68,4
DA:69,2
DA:70,2
DA:71,4
DA:72,1
DA:73,1
DA:74,4
DA:75,4
DA:76,4
DA:77,6
DA:78,6
DA:79,6
DA:80,6
DA:81,6
DA:82,6
DA:83,6
DA:84,6
DA:85,6
DA:86,1
DA:87,1
DA:88,1
DA:89,1
DA:90,1
DA:91,1
DA:92,1
DA:93,1
DA:94,1
DA:95,17
LF:95
LH:95
BRDA:1,0,0,3
BRDA:35,1,0,17
BRDA:38,2,0,10
BRDA:39,3,0,10
BRDA:41,4,0,10
BRDA:52,5,0,7
BRDA:53,6,0,6
BRDA:55,7,0,4
BRDA:56,8,0,3
BRDA:59,9,0,4
BRDA:62,10,0,2
BRDA:65,11,0,2
BRDA:68,12,0,2
BRDA:71,13,0,1
BRDA:75,14,0,3
BRDA:75,15,0,1
BRDA:79,16,0,1
BRDA:80,17,0,1
BRDA:81,18,0,1
BRDA:82,19,0,2
BRDA:86,20,0,1
BRF:21
BRH:21
end_of_record
TN:
SF:src/browser/getStyle.js
FN:7,getStyle
FNF:1
FNH:1
FNDA:24,getStyle
DA:1,3
DA:2,3
DA:3,3
DA:4,3
DA:5,3
DA:6,3
DA:7,3
DA:8,24
DA:9,24
DA:10,24
DA:11,19
DA:12,24
DA:13,6
DA:14,6
DA:15,18
DA:16,24
LF:16
LH:16
BRDA:1,0,0,3
BRDA:7,1,0,24
BRDA:9,2,0,20
BRDA:10,3,0,19
BRDA:12,4,0,6
BRDA:15,5,0,18
BRF:6
BRH:6
end_of_record
TN:
SF:src/browser/getUniqueElements.js
FN:8,getUniqueElements
FNF:1
FNH:1
FNDA:11,getUniqueElements
DA:1,3
DA:2,3
DA:3,3
DA:4,3
DA:5,3
DA:6,3
DA:7,3
DA:8,3
DA:9,11
DA:10,5
DA:11,5
DA:12,5
DA:13,5
DA:14,6
DA:15,11
LF:15
LH:15
BRDA:1,0,0,3
BRDA:8,1,0,11
BRDA:9,2,0,5
BRDA:14,3,0,6
BRF:4
BRH:4
end_of_record
TN:
SF:src/browser/hasClass.js
FN:38,hasClass
FNF:1
FNH:1
FNDA:28,hasClass
DA:1,3
DA:2,3
DA:3,3
DA:4,3
DA:5,3
DA:6,3
DA:7,3
DA:8,3
DA:9,3
DA:10,3
DA:11,3
DA:12,3
DA:13,3
DA:14,3
DA:15,3
DA:16,3
DA:17,3
DA:18,3
DA:19,3
DA:20,3
DA:21,3
DA:22,3
DA:23,3
DA:24,3
DA:25,3
DA:26,3
DA:27,3
DA:28,3
DA:29,3
DA:30,3
DA:31,3
DA:32,3
DA:33,3
DA:34,3
DA:35,3
DA:36,3
DA:37,3
DA:38,3
DA:39,28
DA:40,28
DA:41,6
DA:42,6
DA:43,22
DA:44,22
DA:45,22
DA:46,22
DA:47,22
DA:48,22
DA:49,22
DA:50,28
DA:51,21
DA:52,28
DA:53,28
DA:54,1
DA:55,1
DA:56,1
DA:57,1
DA:58,28
LF:58
LH:58
BRDA:1,0,0,3
BRDA:38,1,0,28
BRDA:40,2,0,26
BRDA:40,3,0,25
BRDA:40,4,0,6
BRDA:43,5,0,22
BRDA:50,6,0,21
BRDA:53,7,0,1
BRF:8
BRH:8
end_of_record
TN:
SF:src/browser/hideElement.js
FN:23,hideElement
FNF:1
FNH:1
FNDA:12,hideElement
DA:1,3
DA:2,3
DA:3,3
DA:4,3
DA:5,3
DA:6,3
DA:7,3
DA:8,3
DA:9,3
DA:10,3
DA:11,3
DA:12,3
DA:13,3
DA:14,3
DA:15,3
DA:16,3
DA:17,3
DA:18,3
DA:19,3
DA:20,3
DA:21,3
DA:22,3
DA:23,3
DA:24,12
DA:25,4
DA:26,4
DA:27,4
DA:28,8
DA:29,8
DA:30,8
DA:31,8
DA:32,12
DA:33,7
DA:34,12
DA:35,1
DA:36,1
DA:37,1
DA:38,12
DA:39,1
DA:40,1
DA:41,1
DA:42,12
LF:42
LH:42
BRDA:1,0,0,3
BRDA:23,1,0,12
BRDA:24,2,0,10
BRDA:24,3,0,4
BRDA:28,4,0,8
BRDA:32,5,0,7
BRDA:34,6,0,1
BRDA:38,7,0,1
BRF:8
BRH:8
end_of_record
TN:
SF:src/browser/onDelegate.js
FN:46,onDelegate
FNF:1
FNH:1
FNDA:18,onDelegate
DA:1,3
DA:2,3
DA:3,3
DA:4,3
DA:5,3
DA:6,3
DA:7,3
DA:8,3
DA:9,3
DA:10,3
DA:11,3
DA:12,3
DA:13,3
DA:14,3
DA:15,3
DA:16,3
DA:17,3
DA:18,3
DA:19,3
DA:20,3
DA:21,3
DA:22,3
DA:23,3
DA:24,3
DA:25,3
DA:26,3
DA:27,3
DA:28,3
DA:29,3
DA:30,3
DA:31,3
DA:32,3
DA:33,3
DA:34,3
DA:35,3
DA:36,3
DA:37,3
DA:38,3
DA:39,3
DA:40,3
DA:41,3
DA:42,3
DA:43,3
DA:44,3
DA:45,3
DA:46,3
DA:47,18
DA:48,18
DA:49,18
DA:50,18
DA:51,18
DA:52,18
DA:53,18
DA:54,2
DA:55,2
DA:56,16
DA:57,16
DA:58,16
DA:59,13
DA:60,13
DA:61,13
DA:62,13
DA:63,13
DA:64,13
DA:65,11
DA:66,11
DA:67,9
DA:68,9
DA:69,9
DA:70,11
DA:71,1
DA:72,1
DA:73,1
DA:74,1
DA:75,1
DA:76,11
DA:77,16
DA:78,16
DA:79,16
DA:80,18
LF:80
LH:80
BRDA:1,0,0,3
BRDA:46,1,0,18
BRDA:53,2,0,2
BRDA:56,3,0,16
BRDA:58,4,0,13
BRDA:64,5,0,12
BRDA:64,6,0,11
BRDA:66,7,0,9
BRDA:70,8,0,1
BRF:9
BRH:9
end_of_record
TN:
SF:src/browser/once.js
FN:54,once
FNF:1
FNH:1
FNDA:17,once
DA:1,3
DA:2,3
DA:3,3
DA:4,3
DA:5,3
DA:6,3
DA:7,3
DA:8,3
DA:9,3
DA:10,3
DA:11,3
DA:12,3
DA:13,3
DA:14,3
DA:15,3
DA:16,3
DA:17,3
DA:18,3
DA:19,3
DA:20,3
DA:21,3
DA:22,3
DA:23,3
DA:24,3
DA:25,3
DA:26,3
DA:27,3
DA:28,3
DA:29,3
DA:30,3
DA:31,3
DA:32,3
DA:33,3
DA:34,3
DA:35,3
DA:36,3
DA:37,3
DA:38,3
DA:39,3
DA:40,3
DA:41,3
DA:42,3
DA:43,3
DA:44,3
DA:45,3
DA:46,3
DA:47,3
DA:48,3
DA:49,3
DA:50,3
DA:51,3
DA:52,3
DA:53,3
DA:54,3
DA:55,17
DA:56,3
DA:57,3
DA:58,3
DA:59,14
DA:60,14
DA:61,14
DA:62,17
DA:63,1
DA:64,17
DA:65,1
DA:66,13
DA:67,12
DA:68,12
DA:69,14
DA:70,14
DA:71,14
DA:72,14
DA:73,17
LF:73
LH:73
BRDA:1,0,0,3
BRDA:54,1,0,17
BRDA:55,2,0,15
BRDA:55,3,0,3
BRDA:59,4,0,14
BRDA:62,5,0,1
BRDA:64,6,0,13
BRDA:64,7,0,1
BRDA:64,8,0,1
BRDA:66,9,0,12
BRDA:69,10,0,14
BRF:11
BRH:11
end_of_record
TN:
SF:src/browser/parseQueryParams.js
FN:51,parseQueryParams
FNF:1
FNH:1
FNDA:19,parseQueryParams
DA:1,3
DA:2,3
DA:3,3
DA:4,3
DA:5,3
DA:6,3
DA:7,3
DA:8,3
DA:9,3
DA:10,3
DA:11,3
DA:12,3
DA:13,3
DA:14,3
DA:15,3
DA:16,3
DA:17,3
DA:18,3
DA:19,3
DA:20,3
DA:21,3
DA:22,3
DA:23,3
DA:24,3
DA:25,3
DA:26,3
DA:27,3
DA:28,3
DA:29,3
DA:30,3
DA:31,3
DA:32,3
DA:33,3
DA:34,3
DA:35,3
DA:36,3
DA:37,3
DA:38,3
DA:39,3
DA:40,3
DA:41,3
DA:42,3
DA:43,3
DA:44,3
DA:45,3
DA:46,3
DA:47,3
DA:48,3
DA:49,3
DA:50,3
DA:51,3
DA:52,19
DA:53,19
DA:54,2
DA:55,2
DA:56,1
DA:57,2
DA:58,1
DA:59,1
DA:60,1
DA:61,1
DA:62,1
DA:63,1
DA:64,1
DA:65,2
DA:66,19
DA:67,19
DA:68,19
DA:69,19
DA:70,19
DA:71,19
LF:71
LH:71
BRDA:1,0,0,3
BRDA:51,1,0,19
BRDA:53,2,0,2
BRDA:55,3,0,1
BRDA:57,4,0,1
BRF:5
BRH:5
end_of_record
TN:
SF:src/browser/querySelectorAllWrapper.js
FN:40,querySelectorAllWrapper
FNF:1
FNH:1
FNDA:15,querySelectorAllWrapper
DA:1,3
DA:2,3
DA:3,3
DA:4,3
DA:5,3
DA:6,3
DA:7,3
DA:8,3
DA:9,3
DA:10,3
DA:11,3
DA:12,3
DA:13,3
DA:14,3
DA:15,3
DA:16,3
DA:17,3
DA:18,3
DA:19,3
DA:20,3
DA:21,3
DA:22,3
DA:23,3
DA:24,3
DA:25,3
DA:26,3
DA:27,3
DA:28,3
DA:29,3
DA:30,3
DA:31,3
DA:32,3
DA:33,3
DA:34,3
DA:35,3
DA:36,3
DA:37,3
DA:38,3
DA:39,3
DA:40,3
DA:41,15
DA:42,15
DA:43,15
DA:44,15
DA:45,15
DA:46,15
DA:47,15
DA:48,13
DA:49,15
DA:50,5
DA:51,5
DA:52,10
DA:53,10
DA:54,10
DA:55,10
DA:56,15
DA:57,1
DA:58,1
DA:59,1
DA:60,1
DA:61,15
LF:61
LH:61
BRDA:1,0,0,3
BRDA:40,1,0,15
BRDA:43,2,0,3
BRDA:43,3,0,1
BRDA:43,4,0,2
BRDA:47,5,0,13
BRDA:49,6,0,5
BRDA:52,7,0,10
BRDA:56,8,0,1
BRF:9
BRH:9
end_of_record
TN:
SF:src/browser/querySelectorWrapper.js
FN:52,querySelectorWrapper
FNF:1
FNH:1
FNDA:26,querySelectorWrapper
DA:1,3
DA:2,3
DA:3,3
DA:4,3
DA:5,3
DA:6,3
DA:7,3
DA:8,3
DA:9,3
DA:10,3
DA:11,3
DA:12,3
DA:13,3
DA:14,3
DA:15,3
DA:16,3
DA:17,3
DA:18,3
DA:19,3
DA:20,3
DA:21,3
DA:22,3
DA:23,3
DA:24,3
DA:25,3
DA:26,3
DA:27,3
DA:28,3
DA:29,3
DA:30,3
DA:31,3
DA:32,3
DA:33,3
DA:34,3
DA:35,3
DA:36,3
DA:37,3
DA:38,3
DA:39,3
DA:40,3
DA:41,3
DA:42,3
DA:43,3
DA:44,3
DA:45,3
DA:46,3
DA:47,3
DA:48,3
DA:49,3
DA:50,3
DA:51,3
DA:52,3
DA:53,26
DA:54,26
DA:55,26
DA:56,26
DA:57,26
DA:58,14
DA:59,26
DA:60,26
DA:61,26
DA:62,26
DA:63,5
DA:64,5
DA:65,21
DA:66,21
DA:67,21
DA:68,21
DA:69,26
DA:70,1
DA:71,1
DA:72,1
DA:73,1
DA:74,26
LF:74
LH:74
BRDA:1,0,0,3
BRDA:52,1,0,26
BRDA:56,2,0,12
BRDA:57,3,0,14
BRDA:58,4,0,13
BRDA:59,5,0,1
BRDA:62,6,0,23
BRDA:62,7,0,5
BRDA:65,8,0,21
BRDA:69,9,0,1
BRF:10
BRH:10
end_of_record
TN:
SF:src/browser/removeClass.js
FN:18,removeClass
FNF:1
FNH:1
FNDA:16,removeClass
DA:1,3
DA:2,3
DA:3,3
DA:4,3
DA:5,3
DA:6,3
DA:7,3
DA:8,3
DA:9,3
DA:10,3
DA:11,3
DA:12,3
DA:13,3
DA:14,3
DA:15,3
DA:16,3
DA:17,3
DA:18,3
DA:19,16
DA:20,12
DA:21,12
DA:22,16
LF:22
LH:22
BRDA:1,0,0,3
BRDA:18,1,0,16
BRDA:19,2,0,14
BRDA:19,3,0,12
BRF:4
BRH:4
end_of_record
TN:
SF:src/browser/removeElement.js
FN:30,removeElement
FNF:1
FNH:1
FNDA:21,removeElement
DA:1,3
DA:2,3
DA:3,3
DA:4,3
DA:5,3
DA:6,3
DA:7,3
DA:8,3
DA:9,3
DA:10,3
DA:11,3
DA:12,3
DA:13,3
DA:14,3
DA:15,3
DA:16,3
DA:17,3
DA:18,3
DA:19,3
DA:20,3
DA:21,3
DA:22,3
DA:23,3
DA:24,3
DA:25,3
DA:26,3
DA:27,3
DA:28,3
DA:29,3
DA:30,3
DA:31,21
DA:32,5
DA:33,5
DA:34,5
DA:35,16
DA:36,16
DA:37,16
DA:38,16
DA:39,21
DA:40,15
DA:41,15
DA:42,21
DA:43,1
DA:44,1
DA:45,1
DA:46,1
DA:47,21
LF:47
LH:47
BRDA:1,0,0,3
BRDA:30,1,0,21
BRDA:31,2,0,19
BRDA:31,3,0,5
BRDA:35,4,0,16
BRDA:39,5,0,15
BRDA:42,6,0,1
BRF:7
BRH:7
end_of_record
TN:
SF:src/browser/setAttribute.js
FN:43,setAttribute
FNF:1
FNH:1
FNDA:50,setAttribute
DA:1,3
DA:2,3
DA:3,3
DA:4,3
DA:5,3
DA:6,3
DA:7,3
DA:8,3
DA:9,3
DA:10,3
DA:11,3
DA:12,3
DA:13,3
DA:14,3
DA:15,3
DA:16,3
DA:17,3
DA:18,3
DA:19,3
DA:20,3
DA:21,3
DA:22,3
DA:23,3
DA:24,3
DA:25,3
DA:26,3
DA:27,3
DA:28,3
DA:29,3
DA:30,3
DA:31,3
DA:32,3
DA:33,3
DA:34,3
DA:35,3
DA:36,3
DA:37,3
DA:38,3
DA:39,3
DA:40,3
DA:41,3
DA:42,3
DA:43,3
DA:44,50
DA:45,50
DA:46,50
DA:47,5
DA:48,5
DA:49,45
DA:50,45
DA:51,45
DA:52,50
DA:53,3
DA:54,3
DA:55,3
DA:56,50
LF:56
LH:56
BRDA:1,0,0,3
BRDA:43,1,0,50
BRDA:46,2,0,48
BRDA:46,3,0,5
BRDA:49,4,0,45
BRDA:52,5,0,3
BRF:6
BRH:6
end_of_record
TN:
SF:src/browser/setLocalStorageJSON.js
FN:55,setLocalStorageJSON
FNF:1
FNH:1
FNDA:21,setLocalStorageJSON
DA:1,3
DA:2,3
DA:3,3
DA:4,3
DA:5,3
DA:6,3
DA:7,3
DA:8,3
DA:9,3
DA:10,3
DA:11,3
DA:12,3
DA:13,3
DA:14,3
DA:15,3
DA:16,3
DA:17,3
DA:18,3
DA:19,3
DA:20,3
DA:21,3
DA:22,3
DA:23,3
DA:24,3
DA:25,3
DA:26,3
DA:27,3
DA:28,3
DA:29,3
DA:30,3
DA:31,3
DA:32,3
DA:33,3
DA:34,3
DA:35,3
DA:36,3
DA:37,3
DA:38,3
DA:39,3
DA:40,3
DA:41,3
DA:42,3
DA:43,3
DA:44,3
DA:45,3
DA:46,3
DA:47,3
DA:48,3
DA:49,3
DA:50,3
DA:51,3
DA:52,3
DA:53,3
DA:54,3
DA:55,3
DA:56,21
DA:57,21
DA:58,1
DA:59,1
DA:60,20
DA:61,20
DA:62,20
DA:63,20
DA:64,20
DA:65,20
DA:66,21
DA:67,21
DA:68,21
DA:69,21
LF:69
LH:69
BRDA:1,0,0,3
BRDA:55,1,0,21
BRDA:57,2,0,20
BRDA:57,3,0,1
BRDA:60,4,0,20
BRDA:66,5,0,2
BRDA:66,6,0,17
BRF:7
BRH:7
end_of_record
TN:
SF:src/browser/setStyle.js
FN:36,setStyle
FNF:1
FNH:1
FNDA:35,setStyle
DA:1,3
DA:2,3
DA:3,3
DA:4,3
DA:5,3
DA:6,3
DA:7,3
DA:8,3
DA:9,3
DA:10,3
DA:11,3
DA:12,3
DA:13,3
DA:14,3
DA:15,3
DA:16,3
DA:17,3
DA:18,3
DA:19,3
DA:20,3
DA:21,3
DA:22,3
DA:23,3
DA:24,3
DA:25,3
DA:26,3
DA:27,3
DA:28,3
DA:29,3
DA:30,3
DA:31,3
DA:32,3
DA:33,3
DA:34,3
DA:35,3
DA:36,3
DA:37,35
DA:38,4
DA:39,4
DA:40,31
DA:41,35
DA:42,8
DA:43,8
DA:44,23
DA:45,23
DA:46,23
DA:47,23
DA:48,23
DA:49,23
DA:50,23
DA:51,23
DA:52,23
DA:53,35
DA:54,23
DA:55,23
DA:56,23
DA:57,23
DA:58,19
DA:59,19
DA:60,19
DA:61,19
DA:62,35
LF:62
LH:62
BRDA:1,0,0,3
BRDA:36,1,0,35
BRDA:37,2,0,33
BRDA:37,3,0,4
BRDA:40,4,0,31
BRDA:41,5,0,9
BRDA:41,6,0,8
BRDA:43,7,0,23
BRDA:53,8,0,23
BRDA:54,9,0,21
BRDA:55,10,0,20
BRDA:57,11,0,19
BRF:12
BRH:12
end_of_record
TN:
SF:src/browser/throttle.js
FN:54,throttle
FNF:1
FNH:1
FNDA:11,throttle
DA:1,3
DA:2,3
DA:3,3
DA:4,3
DA:5,3
DA:6,3
DA:7,3
DA:8,3
DA:9,3
DA:10,3
DA:11,3
DA:12,3
DA:13,3
DA:14,3
DA:15,3
DA:16,3
DA:17,3
DA:18,3
DA:19,3
DA:20,3
DA:21,3
DA:22,3
DA:23,3
DA:24,3
DA:25,3
DA:26,3
DA:27,3
DA:28,3
DA:29,3
DA:30,3
DA:31,3
DA:32,3
DA:33,3
DA:34,3
DA:35,3
DA:36,3
DA:37,3
DA:38,3
DA:39,3
DA:40,3
DA:41,3
DA:42,3
DA:43,3
DA:44,3
DA:45,3
DA:46,3
DA:47,3
DA:48,3
DA:49,3
DA:50,3
DA:51,3
DA:52,3
DA:53,3
DA:54,3
DA:55,11
DA:56,11
DA:57,11
DA:58,11
DA:59,11
DA:60,35
DA:61,35
DA:62,35
DA:63,20
DA:64,20
DA:65,20
DA:66,20
DA:67,20
DA:68,20
DA:69,15
DA:70,15
DA:71,15
DA:72,15
DA:73,11
DA:74,11
LF:74
LH:74
BRDA:1,0,0,3
BRDA:54,1,0,11
BRDA:59,2,0,35
BRDA:62,3,0,32
BRDA:62,4,0,20
BRDA:69,5,0,15
BRF:6
BRH:6
end_of_record
TN:
SF:src/browser/toggleClass.js
FN:39,toggleClass
FNF:1
FNH:1
FNDA:32,toggleClass
DA:1,3
DA:2,3
DA:3,3
DA:4,3
DA:5,3
DA:6,3
DA:7,3
DA:8,3
DA:9,3
DA:10,3
DA:11,3
DA:12,3
DA:13,3
DA:14,3
DA:15,3
DA:16,3
DA:17,3
DA:18,3
DA:19,3
DA:20,3
DA:21,3
DA:22,3
DA:23,3
DA:24,3
DA:25,3
DA:26,3
DA:27,3
DA:28,3
DA:29,3
DA:30,3
DA:31,3
DA:32,3
DA:33,3
DA:34,3
DA:35,3
DA:36,3
DA:37,3
DA:38,3
DA:39,3
DA:40,32
DA:41,25
DA:42,25
DA:43,25
DA:44,1
DA:45,1
DA:46,25
DA:47,32
LF:47
LH:47
BRDA:1,0,0,3
BRDA:39,1,0,32
BRDA:40,2,0,30
BRDA:40,3,0,28
BRDA:40,4,0,25
BRDA:43,5,0,1
BRF:6
BRH:6
end_of_record
TN:
SF:src/browser/uuid.js
FN:30,uuid
FNF:1
FNH:1
FNDA:115,uuid
DA:1,3
DA:2,3
DA:3,3
DA:4,3
DA:5,3
DA:6,3
DA:7,3
DA:8,3
DA:9,3
DA:10,3
DA:11,3
DA:12,3
DA:13,3
DA:14,3
DA:15,3
DA:16,3
DA:17,3
DA:18,3
DA:19,3
DA:20,3
DA:21,3
DA:22,3
DA:23,3
DA:24,3
DA:25,3
DA:26,3
DA:27,3
DA:28,3
DA:29,3
DA:30,3
DA:31,115
DA:32,115
DA:33,114
DA:34,115
DA:35,112
DA:36,112
DA:37,3
DA:38,3
DA:39,3
DA:40,115
LF:40
LH:40
BRDA:1,0,0,3
BRDA:30,1,0,115
BRDA:32,2,0,114
BRDA:34,3,0,112
BRDA:37,4,0,3
BRF:5
BRH:5
end_of_record
TN:
SF:src/system/createDirectory.js
FN:53,createDirectory
FNF:1
FNH:1
FNDA:6,createDirectory
DA:1,3
DA:2,3
DA:3,3
DA:4,3
DA:5,3
DA:6,3
DA:7,3
DA:8,3
DA:9,3
DA:10,3
DA:11,3
DA:12,3
DA:13,3
DA:14,3
DA:15,3
DA:16,3
DA:17,3
DA:18,3
DA:19,3
DA:20,3
DA:21,3
DA:22,3
DA:23,3
DA:24,3
DA:25,3
DA:26,3
DA:27,3
DA:28,3
DA:29,3
DA:30,3
DA:31,3
DA:32,3
DA:33,3
DA:34,3
DA:35,3
DA:36,3
DA:37,3
DA:38,3
DA:39,3
DA:40,3
DA:41,3
DA:42,3
DA:43,3
DA:44,3
DA:45,3
DA:46,3
DA:47,3
DA:48,3
DA:49,3
DA:50,3
DA:51,3
DA:52,3
DA:53,3
DA:54,6
DA:55,6
DA:56,6
DA:57,6
LF:57
LH:57
BRDA:1,0,0,3
BRDA:53,1,0,6
BRF:2
BRH:2
end_of_record
TN:
SF:src/system/decrypt.js
FN:62,decrypt
FNF:1
FNH:1
FNDA:15,decrypt
DA:1,3
DA:2,3
DA:3,3
DA:4,3
DA:5,3
DA:6,3
DA:7,3
DA:8,3
DA:9,3
DA:10,3
DA:11,3
DA:12,3
DA:13,3
DA:14,3
DA:15,3
DA:16,3
DA:17,3
DA:18,3
DA:19,3
DA:20,3
DA:21,3
DA:22,3
DA:23,3
DA:24,3
DA:25,3
DA:26,3
DA:27,3
DA:28,3
DA:29,3
DA:30,3
DA:31,3
DA:32,3
DA:33,3
DA:34,3
DA:35,3
DA:36,3
DA:37,3
DA:38,3
DA:39,3
DA:40,3
DA:41,3
DA:42,3
DA:43,3
DA:44,3
DA:45,3
DA:46,3
DA:47,3
DA:48,3
DA:49,3
DA:50,3
DA:51,3
DA:52,3
DA:53,3
DA:54,3
DA:55,3
DA:56,3
DA:57,3
DA:58,3
DA:59,3
DA:60,3
DA:61,3
DA:62,3
DA:63,15
DA:64,15
DA:65,3
DA:66,3
DA:67,3
DA:68,3
DA:69,12
DA:70,12
DA:71,12
DA:72,12
DA:73,12
DA:74,12
DA:75,12
DA:76,15
DA:77,9
DA:78,9
DA:79,9
DA:80,9
DA:81,9
DA:82,9
DA:83,9
DA:84,15
LF:84
LH:84
BRDA:1,0,0,3
BRDA:62,1,0,15
BRDA:64,2,0,14
BRDA:64,3,0,3
BRDA:69,4,0,12
BRDA:76,5,0,9
BRF:6
BRH:6
end_of_record
TN:
SF:src/system/encrypt.js
FN:67,encrypt
FNF:1
FNH:1
FNDA:23,encrypt
DA:1,3
DA:2,3
DA:3,3
DA:4,3
DA:5,3
DA:6,3
DA:7,3
DA:8,3
DA:9,3
DA:10,3
DA:11,3
DA:12,3
DA:13,3
DA:14,3
DA:15,3
DA:16,3
DA:17,3
DA:18,3
DA:19,3
DA:20,3
DA:21,3
DA:22,3
DA:23,3
DA:24,3
DA:25,3
DA:26,3
DA:27,3
DA:28,3
DA:29,3
DA:30,3
DA:31,3
DA:32,3
DA:33,3
DA:34,3
DA:35,3
DA:36,3
DA:37,3
DA:38,3
DA:39,3
DA:40,3
DA:41,3
DA:42,3
DA:43,3
DA:44,3
DA:45,3
DA:46,3
DA:47,3
DA:48,3
DA:49,3
DA:50,3
DA:51,3
DA:52,3
DA:53,3
DA:54,3
DA:55,3
DA:56,3
DA:57,3
DA:58,3
DA:59,3
DA:60,3
DA:61,3
DA:62,3
DA:63,3
DA:64,3
DA:65,3
DA:66,3
DA:67,3
DA:68,23
DA:69,23
DA:70,1
DA:71,1
DA:72,23
DA:73,1
DA:74,1
DA:75,21
DA:76,21
DA:77,23
DA:78,5
DA:79,5
DA:80,5
DA:81,5
DA:82,23
DA:83,5
DA:84,5
DA:85,11
DA:86,11
DA:87,11
DA:88,11
DA:89,11
DA:90,11
DA:91,23
LF:91
LH:91
BRDA:1,0,0,3
BRDA:67,1,0,23
BRDA:69,2,0,1
BRDA:72,3,0,22
BRDA:72,4,0,1
BRDA:75,5,0,21
BRDA:77,6,0,5
BRDA:82,7,0,16
BRDA:82,8,0,5
BRDA:85,9,0,11
BRF:10
BRH:10
end_of_record
TN:
SF:src/system/env.js
FN:55,env
FNF:1
FNH:1
FNDA:14,env
DA:1,3
DA:2,3
DA:3,3
DA:4,3
DA:5,3
DA:6,3
DA:7,3
DA:8,3
DA:9,3
DA:10,3
DA:11,3
DA:12,3
DA:13,3
DA:14,3
DA:15,3
DA:16,3
DA:17,3
DA:18,3
DA:19,3
DA:20,3
DA:21,3
DA:22,3
DA:23,3
DA:24,3
DA:25,3
DA:26,3
DA:27,3
DA:28,3
DA:29,3
DA:30,3
DA:31,3
DA:32,3
DA:33,3
DA:34,3
DA:35,3
DA:36,3
DA:37,3
DA:38,3
DA:39,3
DA:40,3
DA:41,3
DA:42,3
DA:43,3
DA:44,3
DA:45,3
DA:46,3
DA:47,3
DA:48,3
DA:49,3
DA:50,3
DA:51,3
DA:52,3
DA:53,3
DA:54,3
DA:55,3
DA:56,14
DA:57,14
DA:58,14
DA:59,14
DA:60,14
DA:61,8
DA:62,8
DA:63,8
DA:64,6
DA:65,14
LF:65
LH:65
BRDA:1,0,0,3
BRDA:55,1,0,14
BRDA:60,2,0,8
BRDA:64,3,0,6
BRF:4
BRH:4
end_of_record
TN:
SF:src/system/execAsync.js
FN:67,execAsync
FNF:1
FNH:1
FNDA:11,execAsync
DA:1,3
DA:2,3
DA:3,3
DA:4,3
DA:5,3
DA:6,3
DA:7,3
DA:8,3
DA:9,3
DA:10,3
DA:11,3
DA:12,3
DA:13,3
DA:14,3
DA:15,3
DA:16,3
DA:17,3
DA:18,3
DA:19,3
DA:20,3
DA:21,3
DA:22,3
DA:23,3
DA:24,3
DA:25,3
DA:26,3
DA:27,3
DA:28,3
DA:29,3
DA:30,3
DA:31,3
DA:32,3
DA:33,3
DA:34,3
DA:35,3
DA:36,3
DA:37,3
DA:38,3
DA:39,3
DA:40,3
DA:41,3
DA:42,3
DA:43,3
DA:44,3
DA:45,3
DA:46,3
DA:47,3
DA:48,3
DA:49,3
DA:50,3
DA:51,3
DA:52,3
DA:53,3
DA:54,3
DA:55,3
DA:56,3
DA:57,3
DA:58,3
DA:59,3
DA:60,3
DA:61,3
DA:62,3
DA:63,3
DA:64,3
DA:65,3
DA:66,3
DA:67,3
DA:68,11
DA:69,11
DA:70,11
DA:71,8
DA:72,8
DA:73,8
DA:74,8
DA:75,8
DA:76,8
DA:77,11
LF:77
LH:77
BRDA:1,0,0,3
BRDA:67,1,0,11
BRDA:71,2,0,8
BRF:3
BRH:3
end_of_record
TN:
SF:src/system/fileExists.js
FN:51,fileExists
FNF:1
FNH:1
FNDA:11,fileExists
DA:1,3
DA:2,3
DA:3,3
DA:4,3
DA:5,3
DA:6,3
DA:7,3
DA:8,3
DA:9,3
DA:10,3
DA:11,3
DA:12,3
DA:13,3
DA:14,3
DA:15,3
DA:16,3
DA:17,3
DA:18,3
DA:19,3
DA:20,3
DA:21,3
DA:22,3
DA:23,3
DA:24,3
DA:25,3
DA:26,3
DA:27,3
DA:28,3
DA:29,3
DA:30,3
DA:31,3
DA:32,3
DA:33,3
DA:34,3
DA:35,3
DA:36,3
DA:37,3
DA:38,3
DA:39,3
DA:40,3
DA:41,3
DA:42,3
DA:43,3
DA:44,3
DA:45,3
DA:46,3
DA:47,3
DA:48,3
DA:49,3
DA:50,3
DA:51,3
DA:52,11
DA:53,11
DA:54,11
DA:55,7
DA:56,11
DA:57,4
DA:58,4
DA:59,4
DA:60,4
DA:61,11
LF:61
LH:61
BRDA:1,0,0,3
BRDA:51,1,0,11
BRDA:55,2,0,7
BRDA:56,3,0,4
BRF:4
BRH:4
end_of_record
TN:
SF:src/system/generateHash.js
FN:49,generateHash
FNF:1
FNH:1
FNDA:15,generateHash
DA:1,3
DA:2,3
DA:3,3
DA:4,3
DA:5,3
DA:6,3
DA:7,3
DA:8,3
DA:9,3
DA:10,3
DA:11,3
DA:12,3
DA:13,3
DA:14,3
DA:15,3
DA:16,3
DA:17,3
DA:18,3
DA:19,3
DA:20,3
DA:21,3
DA:22,3
DA:23,3
DA:24,3
DA:25,3
DA:26,3
DA:27,3
DA:28,3
DA:29,3
DA:30,3
DA:31,3
DA:32,3
DA:33,3
DA:34,3
DA:35,3
DA:36,3
DA:37,3
DA:38,3
DA:39,3
DA:40,3
DA:41,3
DA:42,3
DA:43,3
DA:44,3
DA:45,3
DA:46,3
DA:47,3
DA:48,3
DA:49,3
DA:50,15
DA:51,15
DA:52,15
DA:53,15
DA:54,15
DA:55,15
DA:56,15
DA:57,15
LF:57
LH:57
BRDA:1,0,0,3
BRDA:49,1,0,15
BRF:2
BRH:2
end_of_record
TN:
SF:src/system/getBaseName.js
FN:47,getBasename
FNF:1
FNH:1
FNDA:31,getBasename
DA:1,3
DA:2,3
DA:3,3
DA:4,3
DA:5,3
DA:6,3
DA:7,3
DA:8,3
DA:9,3
DA:10,3
DA:11,3
DA:12,3
DA:13,3
DA:14,3
DA:15,3
DA:16,3
DA:17,3
DA:18,3
DA:19,3
DA:20,3
DA:21,3
DA:22,3
DA:23,3
DA:24,3
DA:25,3
DA:26,3
DA:27,3
DA:28,3
DA:29,3
DA:30,3
DA:31,3
DA:32,3
DA:33,3
DA:34,3
DA:35,3
DA:36,3
DA:37,3
DA:38,3
DA:39,3
DA:40,3
DA:41,3
DA:42,3
DA:43,3
DA:44,3
DA:45,3
DA:46,3
DA:47,3
DA:48,31
DA:49,1
DA:50,1
DA:51,1
DA:52,30
DA:53,30
DA:54,30
DA:55,30
DA:56,30
DA:57,30
DA:58,31
LF:58
LH:58
BRDA:1,0,0,3
BRDA:47,1,0,31
BRDA:48,2,0,30
BRDA:48,3,0,1
BRDA:52,4,0,30
BRF:5
BRH:5
end_of_record
TN:
SF:src/system/getCPUInfo.js
FN:59,getCPUInfo
FNF:1
FNH:1
FNDA:15,getCPUInfo
DA:1,3
DA:2,3
DA:3,3
DA:4,3
DA:5,3
DA:6,3
DA:7,3
DA:8,3
DA:9,3
DA:10,3
DA:11,3
DA:12,3
DA:13,3
DA:14,3
DA:15,3
DA:16,3
DA:17,3
DA:18,3
DA:19,3
DA:20,3
DA:21,3
DA:22,3
DA:23,3
DA:24,3
DA:25,3
DA:26,3
DA:27,3
DA:28,3
DA:29,3
DA:30,3
DA:31,3
DA:32,3
DA:33,3
DA:34,3
DA:35,3
DA:36,3
DA:37,3
DA:38,3
DA:39,3
DA:40,3
DA:41,3
DA:42,3
DA:43,3
DA:44,3
DA:45,3
DA:46,3
DA:47,3
DA:48,3
DA:49,3
DA:50,3
DA:51,3
DA:52,3
DA:53,3
DA:54,3
DA:55,3
DA:56,3
DA:57,3
DA:58,3
DA:59,3
DA:60,15
DA:61,15
DA:62,1
DA:63,1
DA:64,14
DA:65,15
DA:66,15
DA:67,15
DA:68,1
DA:69,1
DA:70,13
DA:71,13
DA:72,109
DA:73,109
DA:74,109
DA:75,13
DA:76,15
LF:76
LH:76
BRDA:1,0,0,3
BRDA:59,1,0,15
BRDA:61,2,0,1
BRDA:64,3,0,14
BRDA:65,4,0,9
BRDA:67,5,0,14
BRDA:67,6,0,1
BRDA:70,7,0,13
BRDA:71,8,0,109
BRDA:72,9,0,6
BRDA:73,10,0,103
BRDA:73,11,0,6
BRF:12
BRH:12
end_of_record
TN:
SF:src/system/getDirname.js
FN:41,getDirname
FNF:1
FNH:1
FNDA:27,getDirname
DA:1,3
DA:2,3
DA:3,3
DA:4,3
DA:5,3
DA:6,3
DA:7,3
DA:8,3
DA:9,3
DA:10,3
DA:11,3
DA:12,3
DA:13,3
DA:14,3
DA:15,3
DA:16,3
DA:17,3
DA:18,3
DA:19,3
DA:20,3
DA:21,3
DA:22,3
DA:23,3
DA:24,3
DA:25,3
DA:26,3
DA:27,3
DA:28,3
DA:29,3
DA:30,3
DA:31,3
DA:32,3
DA:33,3
DA:34,3
DA:35,3
DA:36,3
DA:37,3
DA:38,3
DA:39,3
DA:40,3
DA:41,3
DA:42,27
DA:43,1
DA:44,1
DA:45,1
DA:46,26
DA:47,26
DA:48,26
DA:49,27
LF:49
LH:49
BRDA:1,0,0,3
BRDA:41,1,0,27
BRDA:42,2,0,26
BRDA:42,3,0,1
BRDA:46,4,0,26
BRF:5
BRH:5
end_of_record
TN:
SF:src/system/getExtension.js
FN:46,getExtension
FNF:1
FNH:1
FNDA:39,getExtension
DA:1,3
DA:2,3
DA:3,3
DA:4,3
DA:5,3
DA:6,3
DA:7,3
DA:8,3
DA:9,3
DA:10,3
DA:11,3
DA:12,3
DA:13,3
DA:14,3
DA:15,3
DA:16,3
DA:17,3
DA:18,3
DA:19,3
DA:20,3
DA:21,3
DA:22,3
DA:23,3
DA:24,3
DA:25,3
DA:26,3
DA:27,3
DA:28,3
DA:29,3
DA:30,3
DA:31,3
DA:32,3
DA:33,3
DA:34,3
DA:35,3
DA:36,3
DA:37,3
DA:38,3
DA:39,3
DA:40,3
DA:41,3
DA:42,3
DA:43,3
DA:44,3
DA:45,3
DA:46,3
DA:47,39
DA:48,2
DA:49,2
DA:50,2
DA:51,37
DA:52,37
DA:53,37
DA:54,37
DA:55,37
DA:56,37
DA:57,37
DA:58,39
LF:58
LH:58
BRDA:1,0,0,3
BRDA:46,1,0,39
BRDA:47,2,0,37
BRDA:47,3,0,2
BRDA:51,4,0,37
BRF:5
BRH:5
end_of_record
TN:
SF:src/system/getHostname.js
FN:25,getHostname
FNF:1
FNH:1
FNDA:10,getHostname
DA:1,3
DA:2,3
DA:3,3
DA:4,3
DA:5,3
DA:6,3
DA:7,3
DA:8,3
DA:9,3
DA:10,3
DA:11,3
DA:12,3
DA:13,3
DA:14,3
DA:15,3
DA:16,3
DA:17,3
DA:18,3
DA:19,3
DA:20,3
DA:21,3
DA:22,3
DA:23,3
DA:24,3
DA:25,3
DA:26,10
DA:27,10
DA:28,10
DA:29,10
LF:29
LH:29
BRDA:1,0,0,3
BRDA:25,1,0,10
BRF:2
BRH:2
end_of_record
TN:
SF:src/system/getMemoryInfo.js
FN:38,getMemoryInfo
FNF:1
FNH:1
FNDA:15,getMemoryInfo
DA:1,3
DA:2,3
DA:3,3
DA:4,3
DA:5,3
DA:6,3
DA:7,3
DA:8,3
DA:9,3
DA:10,3
DA:11,3
DA:12,3
DA:13,3
DA:14,3
DA:15,3
DA:16,3
DA:17,3
DA:18,3
DA:19,3
DA:20,3
DA:21,3
DA:22,3
DA:23,3
DA:24,3
DA:25,3
DA:26,3
DA:27,3
DA:28,3
DA:29,3
DA:30,3
DA:31,3
DA:32,3
DA:33,3
DA:34,3
DA:35,3
DA:36,3
DA:37,3
DA:38,3
DA:39,15
DA:40,15
DA:41,15
DA:42,15
DA:43,15
DA:44,15
DA:45,15
LF:45
LH:45
BRDA:1,0,0,3
BRDA:38,1,0,15
BRF:2
BRH:2
end_of_record
TN:
SF:src/system/getNetworkInterfaces.js
FN:82,getNetworkInterfaces
FNF:1
FNH:1
FNDA:13,getNetworkInterfaces
DA:1,3
DA:2,3
DA:3,3
DA:4,3
DA:5,3
DA:6,3
DA:7,3
DA:8,3
DA:9,3
DA:10,3
DA:11,3
DA:12,3
DA:13,3
DA:14,3
DA:15,3
DA:16,3
DA:17,3
DA:18,3
DA:19,3
DA:20,3
DA:21,3
DA:22,3
DA:23,3
DA:24,3
DA:25,3
DA:26,3
DA:27,3
DA:28,3
DA:29,3
DA:30,3
DA:31,3
DA:32,3
DA:33,3
DA:34,3
DA:35,3
DA:36,3
DA:37,3
DA:38,3
DA:39,3
DA:40,3
DA:41,3
DA:42,3
DA:43,3
DA:44,3
DA:45,3
DA:46,3
DA:47,3
DA:48,3
DA:49,3
DA:50,3
DA:51,3
DA:52,3
DA:53,3
DA:54,3
DA:55,3
DA:56,3
DA:57,3
DA:58,3
DA:59,3
DA:60,3
DA:61,3
DA:62,3
DA:63,3
DA:64,3
DA:65,3
DA:66,3
DA:67,3
DA:68,3
DA:69,3
DA:70,3
DA:71,3
DA:72,3
DA:73,3
DA:74,3
DA:75,3
DA:76,3
DA:77,3
DA:78,3
DA:79,3
DA:80,3
DA:81,3
DA:82,3
DA:83,13
DA:84,13
DA:85,13
DA:86,13
DA:87,13
DA:88,13
DA:89,13
DA:90,13
LF:90
LH:90
BRDA:1,0,0,3
BRDA:82,1,0,13
BRF:2
BRH:2
end_of_record
TN:
SF:src/system/isDirectory.js
FN:48,isDirectory
FNF:1
FNH:1
FNDA:15,isDirectory
DA:1,3
DA:2,3
DA:3,3
DA:4,3
DA:5,3
DA:6,3
DA:7,3
DA:8,3
DA:9,3
DA:10,3
DA:11,3
DA:12,3
DA:13,3
DA:14,3
DA:15,3
DA:16,3
DA:17,3
DA:18,3
DA:19,3
DA:20,3
DA:21,3
DA:22,3
DA:23,3
DA:24,3
DA:25,3
DA:26,3
DA:27,3
DA:28,3
DA:29,3
DA:30,3
DA:31,3
DA:32,3
DA:33,3
DA:34,3
DA:35,3
DA:36,3
DA:37,3
DA:38,3
DA:39,3
DA:40,3
DA:41,3
DA:42,3
DA:43,3
DA:44,3
DA:45,3
DA:46,3
DA:47,3
DA:48,3
DA:49,15
DA:50,15
DA:51,11
DA:52,15
DA:53,4
DA:54,4
DA:55,4
DA:56,4
DA:57,4
DA:58,15
LF:58
LH:58
BRDA:1,0,0,3
BRDA:48,1,0,15
BRDA:50,2,0,11
BRDA:52,3,0,4
BRF:4
BRH:4
end_of_record
TN:
SF:src/system/joinPaths.js
FN:47,joinPaths
FNF:1
FNH:1
FNDA:35,joinPaths
DA:1,3
DA:2,3
DA:3,3
DA:4,3
DA:5,3
DA:6,3
DA:7,3
DA:8,3
DA:9,3
DA:10,3
DA:11,3
DA:12,3
DA:13,3
DA:14,3
DA:15,3
DA:16,3
DA:17,3
DA:18,3
DA:19,3
DA:20,3
DA:21,3
DA:22,3
DA:23,3
DA:24,3
DA:25,3
DA:26,3
DA:27,3
DA:28,3
DA:29,3
DA:30,3
DA:31,3
DA:32,3
DA:33,3
DA:34,3
DA:35,3
DA:36,3
DA:37,3
DA:38,3
DA:39,3
DA:40,3
DA:41,3
DA:42,3
DA:43,3
DA:44,3
DA:45,3
DA:46,3
DA:47,3
DA:48,35
DA:49,35
DA:50,35
LF:50
LH:50
BRDA:1,0,0,3
BRDA:47,1,0,35
BRF:2
BRH:2
end_of_record
TN:
SF:src/system/listDirectoryContents.js
FN:72,listDirectoryContents
FNF:1
FNH:1
FNDA:16,listDirectoryContents
DA:1,3
DA:2,3
DA:3,3
DA:4,3
DA:5,3
DA:6,3
DA:7,3
DA:8,3
DA:9,3
DA:10,3
DA:11,3
DA:12,3
DA:13,3
DA:14,3
DA:15,3
DA:16,3
DA:17,3
DA:18,3
DA:19,3
DA:20,3
DA:21,3
DA:22,3
DA:23,3
DA:24,3
DA:25,3
DA:26,3
DA:27,3
DA:28,3
DA:29,3
DA:30,3
DA:31,3
DA:32,3
DA:33,3
DA:34,3
DA:35,3
DA:36,3
DA:37,3
DA:38,3
DA:39,3
DA:40,3
DA:41,3
DA:42,3
DA:43,3
DA:44,3
DA:45,3
DA:46,3
DA:47,3
DA:48,3
DA:49,3
DA:50,3
DA:51,3
DA:52,3
DA:53,3
DA:54,3
DA:55,3
DA:56,3
DA:57,3
DA:58,3
DA:59,3
DA:60,3
DA:61,3
DA:62,3
DA:63,3
DA:64,3
DA:65,3
DA:66,3
DA:67,3
DA:68,3
DA:69,3
DA:70,3
DA:71,3
DA:72,3
DA:73,16
DA:74,16
DA:75,16
DA:76,16
DA:77,160
DA:78,160
DA:79,16
LF:79
LH:79
BRDA:1,0,0,3
BRDA:72,1,0,16
BRDA:76,2,0,13
BRDA:76,3,0,160
BRDA:79,4,0,13
BRF:5
BRH:5
end_of_record
TN:
SF:src/system/readFileAsync.js
FN:62,readFileAsync
FNF:1
FNH:1
FNDA:17,readFileAsync
DA:1,3
DA:2,3
DA:3,3
DA:4,3
DA:5,3
DA:6,3
DA:7,3
DA:8,3
DA:9,3
DA:10,3
DA:11,3
DA:12,3
DA:13,3
DA:14,3
DA:15,3
DA:16,3
DA:17,3
DA:18,3
DA:19,3
DA:20,3
DA:21,3
DA:22,3
DA:23,3
DA:24,3
DA:25,3
DA:26,3
DA:27,3
DA:28,3
DA:29,3
DA:30,3
DA:31,3
DA:32,3
DA:33,3
DA:34,3
DA:35,3
DA:36,3
DA:37,3
DA:38,3
DA:39,3
DA:40,3
DA:41,3
DA:42,3
DA:43,3
DA:44,3
DA:45,3
DA:46,3
DA:47,3
DA:48,3
DA:49,3
DA:50,3
DA:51,3
DA:52,3
DA:53,3
DA:54,3
DA:55,3
DA:56,3
DA:57,3
DA:58,3
DA:59,3
DA:60,3
DA:61,3
DA:62,3
DA:63,17
DA:64,17
DA:65,17
DA:66,17
DA:67,17
LF:67
LH:67
BRDA:1,0,0,3
BRDA:62,1,0,17
BRF:2
BRH:2
end_of_record
TN:
SF:src/system/removeDirectory.js
FN:85,removeDirectory
FNF:1
FNH:1
FNDA:15,removeDirectory
DA:1,3
DA:2,3
DA:3,3
DA:4,3
DA:5,3
DA:6,3
DA:7,3
DA:8,3
DA:9,3
DA:10,3
DA:11,3
DA:12,3
DA:13,3
DA:14,3
DA:15,3
DA:16,3
DA:17,3
DA:18,3
DA:19,3
DA:20,3
DA:21,3
DA:22,3
DA:23,3
DA:24,3
DA:25,3
DA:26,3
DA:27,3
DA:28,3
DA:29,3
DA:30,3
DA:31,3
DA:32,3
DA:33,3
DA:34,3
DA:35,3
DA:36,3
DA:37,3
DA:38,3
DA:39,3
DA:40,3
DA:41,3
DA:42,3
DA:43,3
DA:44,3
DA:45,3
DA:46,3
DA:47,3
DA:48,3
DA:49,3
DA:50,3
DA:51,3
DA:52,3
DA:53,3
DA:54,3
DA:55,3
DA:56,3
DA:57,3
DA:58,3
DA:59,3
DA:60,3
DA:61,3
DA:62,3
DA:63,3
DA:64,3
DA:65,3
DA:66,3
DA:67,3
DA:68,3
DA:69,3
DA:70,3
DA:71,3
DA:72,3
DA:73,3
DA:74,3
DA:75,3
DA:76,3
DA:77,3
DA:78,3
DA:79,3
DA:80,3
DA:81,3
DA:82,3
DA:83,3
DA:84,3
DA:85,3
DA:86,15
DA:87,15
DA:88,15
DA:89,15
DA:90,15
DA:91,15
DA:92,15
DA:93,1
DA:94,1
DA:95,1
DA:96,1
DA:97,1
DA:98,1
DA:99,1
DA:100,1
DA:101,15
DA:102,3
DA:103,3
DA:104,3
DA:105,3
DA:106,3
DA:107,2
DA:108,2
DA:109,2
DA:110,3
DA:111,13
DA:112,13
DA:113,13
DA:114,13
DA:115,13
DA:116,13
DA:117,13
DA:118,15
LF:118
LH:118
BRDA:1,0,0,3
BRDA:85,1,0,15
BRDA:92,2,0,13
BRDA:92,3,0,1
BRDA:101,4,0,3
BRDA:106,5,0,2
BRDA:111,6,0,13
BRF:7
BRH:7
end_of_record
TN:
SF:src/system/resolvePath.js
FN:52,resolvePath
FNF:1
FNH:1
FNDA:43,resolvePath
DA:1,3
DA:2,3
DA:3,3
DA:4,3
DA:5,3
DA:6,3
DA:7,3
DA:8,3
DA:9,3
DA:10,3
DA:11,3
DA:12,3
DA:13,3
DA:14,3
DA:15,3
DA:16,3
DA:17,3
DA:18,3
DA:19,3
DA:20,3
DA:21,3
DA:22,3
DA:23,3
DA:24,3
DA:25,3
DA:26,3
DA:27,3
DA:28,3
DA:29,3
DA:30,3
DA:31,3
DA:32,3
DA:33,3
DA:34,3
DA:35,3
DA:36,3
DA:37,3
DA:38,3
DA:39,3
DA:40,3
DA:41,3
DA:42,3
DA:43,3
DA:44,3
DA:45,3
DA:46,3
DA:47,3
DA:48,3
DA:49,3
DA:50,3
DA:51,3
DA:52,3
DA:53,43
DA:54,43
DA:55,43
LF:55
LH:55
BRDA:1,0,0,3
BRDA:52,1,0,43
BRF:2
BRH:2
end_of_record
TN:
SF:src/system/uuid.js
FN:42,uuid
FNF:1
FNH:1
FNDA:1126,uuid
DA:1,3
DA:2,3
DA:3,3
DA:4,3
DA:5,3
DA:6,3
DA:7,3
DA:8,3
DA:9,3
DA:10,3
DA:11,3
DA:12,3
DA:13,3
DA:14,3
DA:15,3
DA:16,3
DA:17,3
DA:18,3
DA:19,3
DA:20,3
DA:21,3
DA:22,3
DA:23,3
DA:24,3
DA:25,3
DA:26,3
DA:27,3
DA:28,3
DA:29,3
DA:30,3
DA:31,3
DA:32,3
DA:33,3
DA:34,3
DA:35,3
DA:36,3
DA:37,3
DA:38,3
DA:39,3
DA:40,3
DA:41,3
DA:42,3
DA:43,1126
DA:44,1126
DA:45,1126
DA:46,1126
DA:47,724
DA:48,724
DA:49,724
DA:50,724
DA:51,724
DA:52,724
DA:53,724
DA:54,1126
DA:55,1126
DA:56,1126
LF:56
LH:56
BRDA:1,0,0,3
BRDA:42,1,0,1126
BRDA:46,2,0,724
BRF:3
BRH:3
end_of_record
TN:
SF:src/system/writeFileAsync.js
FN:70,writeFileAsync
FNF:1
FNH:1
FNDA:22,writeFileAsync
DA:1,3
DA:2,3
DA:3,3
DA:4,3
DA:5,3
DA:6,3
DA:7,3
DA:8,3
DA:9,3
DA:10,3
DA:11,3
DA:12,3
DA:13,3
DA:14,3
DA:15,3
DA:16,3
DA:17,3
DA:18,3
DA:19,3
DA:20,3
DA:21,3
DA:22,3
DA:23,3
DA:24,3
DA:25,3
DA:26,3
DA:27,3
DA:28,3
DA:29,3
DA:30,3
DA:31,3
DA:32,3
DA:33,3
DA:34,3
DA:35,3
DA:36,3
DA:37,3
DA:38,3
DA:39,3
DA:40,3
DA:41,3
DA:42,3
DA:43,3
DA:44,3
DA:45,3
DA:46,3
DA:47,3
DA:48,3
DA:49,3
DA:50,3
DA:51,3
DA:52,3
DA:53,3
DA:54,3
DA:55,3
DA:56,3
DA:57,3
DA:58,3
DA:59,3
DA:60,3
DA:61,3
DA:62,3
DA:63,3
DA:64,3
DA:65,3
DA:66,3
DA:67,3
DA:68,3
DA:69,3
DA:70,3
DA:71,22
DA:72,22
DA:73,22
DA:74,22
DA:75,22
LF:75
LH:75
BRDA:1,0,0,3
BRDA:70,1,0,22
BRF:2
BRH:2
end_of_record
